2022-07-25 21:38:05,355:INFO:PyCaret Supervised Module
2022-07-25 21:38:05,357:INFO:ML Usecase: regression
2022-07-25 21:38:05,357:INFO:version 2.3.10
2022-07-25 21:38:05,357:INFO:Initializing setup()
2022-07-25 21:38:05,357:INFO:setup(target=KWH, ml_usecase=regression, available_plots={'parameter': 'Hyperparameters', 'residuals': 'Residuals', 'error': 'Prediction Error', 'cooks': 'Cooks Distance', 'rfe': 'Feature Selection', 'learning': 'Learning Curve', 'manifold': 'Manifold Learning', 'vc': 'Validation Curve', 'feature': 'Feature Importance', 'feature_all': 'Feature Importance (All)', 'tree': 'Decision Tree', 'residuals_interactive': 'Interactive Residuals'}, train_size=0.7, test_data=None, preprocess=True, imputation_type=simple, iterative_imputation_iters=5, categorical_features=None, categorical_imputation=constant, categorical_iterative_imputer=lightgbm, ordinal_features=None, high_cardinality_features=None, high_cardinality_method=frequency, numeric_features=None, numeric_imputation=mean, numeric_iterative_imputer=lightgbm, date_features=None, ignore_features=None, normalize=False, normalize_method=zscore, transformation=False, transformation_method=yeo-johnson, handle_unknown_categorical=True, unknown_categorical_method=least_frequent, pca=False, pca_method=linear, pca_components=None, ignore_low_variance=False, combine_rare_levels=False, rare_level_threshold=0.1, bin_numeric_features=None, remove_outliers=False, outliers_threshold=0.05, remove_multicollinearity=False, multicollinearity_threshold=0.9, remove_perfect_collinearity=True, create_clusters=False, cluster_iter=20, polynomial_features=False, polynomial_degree=2, trigonometry_features=False, polynomial_threshold=0.1, group_features=None, group_names=None, feature_selection=False, feature_selection_threshold=0.8, feature_selection_method=classic, feature_interaction=False, feature_ratio=False, interaction_threshold=0.01, fix_imbalance=False, fix_imbalance_method=None, transform_target=False, transform_target_method=box-cox, data_split_shuffle=True, data_split_stratify=False, fold_strategy=kfold, fold=10, fold_shuffle=False, fold_groups=None, n_jobs=-1, use_gpu=False, custom_pipeline=None, html=True, session_id=None, log_experiment=False, experiment_name=None, experiment_custom_tags=None, log_plots=False, log_profile=False, log_data=False, silent=False, verbose=True, profile=False, profile_kwargs=None, display=None)
2022-07-25 21:38:05,357:INFO:Checking environment
2022-07-25 21:38:05,357:INFO:python_version: 3.7.12
2022-07-25 21:38:05,357:INFO:python_build: ('default', 'Oct 26 2021 05:57:50')
2022-07-25 21:38:05,357:INFO:machine: x86_64
2022-07-25 21:38:05,357:INFO:platform: Darwin-21.4.0-x86_64-i386-64bit
2022-07-25 21:38:05,358:WARNING:cannot find psutil installation. memory not traceable. Install psutil using pip to enable memory logging.
2022-07-25 21:38:05,358:INFO:Checking libraries
2022-07-25 21:38:05,358:INFO:pd==1.3.5
2022-07-25 21:38:05,358:INFO:numpy==1.19.5
2022-07-25 21:38:05,358:INFO:sklearn==0.23.2
2022-07-25 21:38:05,358:INFO:lightgbm==3.3.2
2022-07-25 21:38:05,359:WARNING:catboost not found
2022-07-25 21:38:05,652:INFO:xgboost==1.5.1
2022-07-25 21:38:05,652:INFO:mlflow==1.25.0
2022-07-25 21:38:05,652:INFO:Checking Exceptions
2022-07-25 21:38:05,652:INFO:Declaring global variables
2022-07-25 21:38:05,652:INFO:USI: 984c
2022-07-25 21:38:05,652:INFO:pycaret_globals: {'fold_groups_param_full', '_ml_usecase', '_internal_pipeline', 'html_param', 'fold_generator', 'y_train', 'fold_shuffle_param', 'transform_target_param', 'n_jobs_param', 'experiment__', '_available_plots', 'fold_param', 'y_test', 'imputation_regressor', 'fix_imbalance_method_param', 'prep_pipe', 'fix_imbalance_param', 'X_train', 'dashboard_logger', 'exp_name_log', 'X_test', '_all_models_internal', 'data_before_preprocess', '_all_metrics', 'X', 'pycaret_globals', 'USI', '_all_models', 'stratify_param', 'target_param', 'create_model_container', 'iterative_imputation_iters_param', 'y', 'log_plots_param', 'imputation_classifier', 'master_model_container', 'fold_groups_param', 'transform_target_method_param', 'seed', 'display_container', '_gpu_n_jobs_param', 'gpu_param', 'logging_param'}
2022-07-25 21:38:05,652:INFO:Preparing display monitor
2022-07-25 21:38:05,652:INFO:Preparing display monitor
2022-07-25 21:38:05,663:INFO:Importing libraries
2022-07-25 21:38:05,663:INFO:Copying data for preprocessing
2022-07-25 21:38:05,826:INFO:Declaring preprocessing parameters
2022-07-25 21:38:05,970:INFO:Creating preprocessing pipeline
2022-07-25 21:38:07,464:INFO:Preprocessing pipeline created successfully
2022-07-25 21:38:07,464:ERROR:(Process Exit): setup has been interupted with user command 'quit'. setup must rerun.
2022-07-25 21:38:07,464:INFO:Creating global containers
2022-07-25 21:38:07,466:INFO:Internal pipeline: Pipeline(memory=None, steps=[('empty_step', 'passthrough')], verbose=False)
2022-07-25 21:39:31,821:WARNING:Couldn't import catboost.CatBoostRegressor
2022-07-25 21:39:31,930:WARNING:Couldn't import catboost.CatBoostRegressor
2022-07-25 21:39:31,931:INFO:Creating grid variables
2022-07-25 21:39:31,959:INFO:create_model_container: 0
2022-07-25 21:39:31,959:INFO:master_model_container: 0
2022-07-25 21:39:31,959:INFO:display_container: 1
2022-07-25 21:39:31,964:INFO:Pipeline(memory=None,
         steps=[('dtypes',
                 DataTypes_Auto_infer(categorical_features=[],
                                      display_types=True, features_todrop=[],
                                      id_columns=['DOEID'],
                                      ml_usecase='regression',
                                      numerical_features=[], target='KWH',
                                      time_features=[])),
                ('imputer',
                 Simple_Imputer(categorical_strategy='not_available',
                                fill_value_categorical=None,
                                fill_value_numerical=None,
                                numeric_strat...
                ('scaling', 'passthrough'), ('P_transform', 'passthrough'),
                ('binn', 'passthrough'), ('rem_outliers', 'passthrough'),
                ('cluster_all', 'passthrough'),
                ('dummy', Dummify(target='KWH')),
                ('fix_perfect', Remove_100(target='KWH')),
                ('clean_names', Clean_Colum_Names()),
                ('feature_select', 'passthrough'), ('fix_multi', 'passthrough'),
                ('dfs', 'passthrough'), ('pca', 'passthrough')],
         verbose=False)
2022-07-25 21:39:31,964:INFO:setup() succesfully completed......................................
2022-07-25 21:40:35,601:INFO:Initializing compare_models()
2022-07-25 21:40:35,601:INFO:compare_models(include=None, fold=None, round=4, cross_validation=True, sort=R2, n_select=1, budget_time=None, turbo=True, errors=ignore, fit_kwargs=None, groups=None, experiment_custom_tags=None, probability_threshold=None, verbose=True, display=None, exclude=None)
2022-07-25 21:40:35,601:INFO:Checking exceptions
2022-07-25 21:40:35,602:INFO:Preparing display monitor
2022-07-25 21:40:35,602:INFO:Preparing display monitor
2022-07-25 21:40:35,636:INFO:Initializing Linear Regression
2022-07-25 21:40:35,636:INFO:Total runtime is 5.312760670979818e-06 minutes
2022-07-25 21:40:35,648:INFO:SubProcess create_model() called ==================================
2022-07-25 21:40:35,648:INFO:Initializing create_model()
2022-07-25 21:40:35,648:INFO:create_model(estimator=lr, fold=KFold(n_splits=10, random_state=None, shuffle=False), round=4, cross_validation=True, predict=True, fit_kwargs={}, groups=None, refit=False, verbose=False, system=False, metrics=None, experiment_custom_tags=None, add_to_model_list=True, probability_threshold=None, display=<pycaret.internal.Display.Display object at 0x7fa4c722c6d0>, return_train_score=False, kwargs={})
2022-07-25 21:40:35,649:INFO:Checking exceptions
2022-07-25 21:40:35,649:INFO:Importing libraries
2022-07-25 21:40:35,649:INFO:Copying training dataset
2022-07-25 21:40:35,665:INFO:Defining folds
2022-07-25 21:40:35,665:INFO:Declaring metric variables
2022-07-25 21:40:35,675:INFO:Importing untrained model
2022-07-25 21:40:35,685:INFO:Linear Regression Imported succesfully
2022-07-25 21:40:35,703:INFO:Starting cross validation
2022-07-25 21:40:35,713:INFO:Cross validating with KFold(n_splits=10, random_state=None, shuffle=False), n_jobs=-1
2022-07-25 21:41:06,968:INFO:Calculating mean and std
2022-07-25 21:41:06,976:INFO:Creating metrics dataframe
2022-07-25 21:41:06,991:INFO:Uploading results into container
2022-07-25 21:41:06,991:INFO:Uploading model into container now
2022-07-25 21:41:06,991:INFO:create_model_container: 1
2022-07-25 21:41:06,992:INFO:master_model_container: 1
2022-07-25 21:41:06,992:INFO:display_container: 2
2022-07-25 21:41:06,992:INFO:LinearRegression(copy_X=True, fit_intercept=True, n_jobs=-1, normalize=False)
2022-07-25 21:41:06,992:INFO:create_model() succesfully completed......................................
2022-07-25 21:41:07,137:INFO:SubProcess create_model() end ==================================
2022-07-25 21:41:07,137:INFO:Creating metrics dataframe
2022-07-25 21:41:07,154:INFO:Initializing Lasso Regression
2022-07-25 21:41:07,155:INFO:Total runtime is 0.5253162662188212 minutes
2022-07-25 21:41:07,164:INFO:SubProcess create_model() called ==================================
2022-07-25 21:41:07,165:INFO:Initializing create_model()
2022-07-25 21:41:07,165:INFO:create_model(estimator=lasso, fold=KFold(n_splits=10, random_state=None, shuffle=False), round=4, cross_validation=True, predict=True, fit_kwargs={}, groups=None, refit=False, verbose=False, system=False, metrics=None, experiment_custom_tags=None, add_to_model_list=True, probability_threshold=None, display=<pycaret.internal.Display.Display object at 0x7fa4c722c6d0>, return_train_score=False, kwargs={})
2022-07-25 21:41:07,165:INFO:Checking exceptions
2022-07-25 21:41:07,165:INFO:Importing libraries
2022-07-25 21:41:07,165:INFO:Copying training dataset
2022-07-25 21:41:07,212:INFO:Defining folds
2022-07-25 21:41:07,213:INFO:Declaring metric variables
2022-07-25 21:41:07,224:INFO:Importing untrained model
2022-07-25 21:41:07,234:INFO:Lasso Regression Imported succesfully
2022-07-25 21:41:07,254:INFO:Starting cross validation
2022-07-25 21:41:07,255:INFO:Cross validating with KFold(n_splits=10, random_state=None, shuffle=False), n_jobs=-1
2022-07-25 21:41:44,769:INFO:Calculating mean and std
2022-07-25 21:41:44,772:INFO:Creating metrics dataframe
2022-07-25 21:41:44,778:INFO:Uploading results into container
2022-07-25 21:41:44,778:INFO:Uploading model into container now
2022-07-25 21:41:44,778:INFO:create_model_container: 2
2022-07-25 21:41:44,778:INFO:master_model_container: 2
2022-07-25 21:41:44,778:INFO:display_container: 2
2022-07-25 21:41:44,779:INFO:Lasso(alpha=1.0, copy_X=True, fit_intercept=True, max_iter=1000,
      normalize=False, positive=False, precompute=False, random_state=4891,
      selection='cyclic', tol=0.0001, warm_start=False)
2022-07-25 21:41:44,779:INFO:create_model() succesfully completed......................................
2022-07-25 21:41:44,878:INFO:SubProcess create_model() end ==================================
2022-07-25 21:41:44,878:INFO:Creating metrics dataframe
2022-07-25 21:41:44,898:INFO:Initializing Ridge Regression
2022-07-25 21:41:44,899:INFO:Total runtime is 1.154382582505544 minutes
2022-07-25 21:41:44,907:INFO:SubProcess create_model() called ==================================
2022-07-25 21:41:44,908:INFO:Initializing create_model()
2022-07-25 21:41:44,908:INFO:create_model(estimator=ridge, fold=KFold(n_splits=10, random_state=None, shuffle=False), round=4, cross_validation=True, predict=True, fit_kwargs={}, groups=None, refit=False, verbose=False, system=False, metrics=None, experiment_custom_tags=None, add_to_model_list=True, probability_threshold=None, display=<pycaret.internal.Display.Display object at 0x7fa4c722c6d0>, return_train_score=False, kwargs={})
2022-07-25 21:41:44,908:INFO:Checking exceptions
2022-07-25 21:41:44,909:INFO:Importing libraries
2022-07-25 21:41:44,909:INFO:Copying training dataset
2022-07-25 21:41:44,924:INFO:Defining folds
2022-07-25 21:41:44,924:INFO:Declaring metric variables
2022-07-25 21:41:44,933:INFO:Importing untrained model
2022-07-25 21:41:44,944:INFO:Ridge Regression Imported succesfully
2022-07-25 21:41:44,966:INFO:Starting cross validation
2022-07-25 21:41:44,967:INFO:Cross validating with KFold(n_splits=10, random_state=None, shuffle=False), n_jobs=-1
2022-07-25 21:42:18,661:INFO:Calculating mean and std
2022-07-25 21:42:18,664:INFO:Creating metrics dataframe
2022-07-25 21:42:18,672:INFO:Uploading results into container
2022-07-25 21:42:18,673:INFO:Uploading model into container now
2022-07-25 21:42:18,673:INFO:create_model_container: 3
2022-07-25 21:42:18,673:INFO:master_model_container: 3
2022-07-25 21:42:18,673:INFO:display_container: 2
2022-07-25 21:42:18,674:INFO:Ridge(alpha=1.0, copy_X=True, fit_intercept=True, max_iter=None,
      normalize=False, random_state=4891, solver='auto', tol=0.001)
2022-07-25 21:42:18,674:INFO:create_model() succesfully completed......................................
2022-07-25 21:42:18,803:INFO:SubProcess create_model() end ==================================
2022-07-25 21:42:18,804:INFO:Creating metrics dataframe
2022-07-25 21:42:18,830:INFO:Initializing Elastic Net
2022-07-25 21:42:18,830:INFO:Total runtime is 1.7199101805686952 minutes
2022-07-25 21:42:18,844:INFO:SubProcess create_model() called ==================================
2022-07-25 21:42:18,845:INFO:Initializing create_model()
2022-07-25 21:42:18,845:INFO:create_model(estimator=en, fold=KFold(n_splits=10, random_state=None, shuffle=False), round=4, cross_validation=True, predict=True, fit_kwargs={}, groups=None, refit=False, verbose=False, system=False, metrics=None, experiment_custom_tags=None, add_to_model_list=True, probability_threshold=None, display=<pycaret.internal.Display.Display object at 0x7fa4c722c6d0>, return_train_score=False, kwargs={})
2022-07-25 21:42:18,845:INFO:Checking exceptions
2022-07-25 21:42:18,845:INFO:Importing libraries
2022-07-25 21:42:18,845:INFO:Copying training dataset
2022-07-25 21:42:18,863:INFO:Defining folds
2022-07-25 21:42:18,863:INFO:Declaring metric variables
2022-07-25 21:42:18,878:INFO:Importing untrained model
2022-07-25 21:42:18,894:INFO:Elastic Net Imported succesfully
2022-07-25 21:42:18,927:INFO:Starting cross validation
2022-07-25 21:42:18,928:INFO:Cross validating with KFold(n_splits=10, random_state=None, shuffle=False), n_jobs=-1
2022-07-25 21:42:37,911:INFO:Calculating mean and std
2022-07-25 21:42:37,914:INFO:Creating metrics dataframe
2022-07-25 21:42:37,920:INFO:Uploading results into container
2022-07-25 21:42:37,921:INFO:Uploading model into container now
2022-07-25 21:42:37,921:INFO:create_model_container: 4
2022-07-25 21:42:37,921:INFO:master_model_container: 4
2022-07-25 21:42:37,921:INFO:display_container: 2
2022-07-25 21:42:37,921:INFO:ElasticNet(alpha=1.0, copy_X=True, fit_intercept=True, l1_ratio=0.5,
           max_iter=1000, normalize=False, positive=False, precompute=False,
           random_state=4891, selection='cyclic', tol=0.0001, warm_start=False)
2022-07-25 21:42:37,921:INFO:create_model() succesfully completed......................................
2022-07-25 21:42:38,008:INFO:SubProcess create_model() end ==================================
2022-07-25 21:42:38,008:INFO:Creating metrics dataframe
2022-07-25 21:42:38,026:INFO:Initializing Least Angle Regression
2022-07-25 21:42:38,026:INFO:Total runtime is 2.0398406624794005 minutes
2022-07-25 21:42:38,034:INFO:SubProcess create_model() called ==================================
2022-07-25 21:42:38,035:INFO:Initializing create_model()
2022-07-25 21:42:38,035:INFO:create_model(estimator=lar, fold=KFold(n_splits=10, random_state=None, shuffle=False), round=4, cross_validation=True, predict=True, fit_kwargs={}, groups=None, refit=False, verbose=False, system=False, metrics=None, experiment_custom_tags=None, add_to_model_list=True, probability_threshold=None, display=<pycaret.internal.Display.Display object at 0x7fa4c722c6d0>, return_train_score=False, kwargs={})
2022-07-25 21:42:38,035:INFO:Checking exceptions
2022-07-25 21:42:38,035:INFO:Importing libraries
2022-07-25 21:42:38,035:INFO:Copying training dataset
2022-07-25 21:42:38,048:INFO:Defining folds
2022-07-25 21:42:38,048:INFO:Declaring metric variables
2022-07-25 21:42:38,057:INFO:Importing untrained model
2022-07-25 21:42:38,066:INFO:Least Angle Regression Imported succesfully
2022-07-25 21:42:38,083:INFO:Starting cross validation
2022-07-25 21:42:38,083:INFO:Cross validating with KFold(n_splits=10, random_state=None, shuffle=False), n_jobs=-1
2022-07-25 21:42:42,131:INFO:Calculating mean and std
2022-07-25 21:42:42,132:INFO:Creating metrics dataframe
2022-07-25 21:42:42,139:INFO:Uploading results into container
2022-07-25 21:42:42,139:INFO:Uploading model into container now
2022-07-25 21:42:42,139:INFO:create_model_container: 5
2022-07-25 21:42:42,139:INFO:master_model_container: 5
2022-07-25 21:42:42,139:INFO:display_container: 2
2022-07-25 21:42:42,140:INFO:Lars(copy_X=True, eps=2.220446049250313e-16, fit_intercept=True, fit_path=True,
     jitter=None, n_nonzero_coefs=500, normalize=True, precompute='auto',
     random_state=4891, verbose=False)
2022-07-25 21:42:42,140:INFO:create_model() succesfully completed......................................
2022-07-25 21:42:42,225:INFO:SubProcess create_model() end ==================================
2022-07-25 21:42:42,225:INFO:Creating metrics dataframe
2022-07-25 21:42:42,243:INFO:Initializing Lasso Least Angle Regression
2022-07-25 21:42:42,243:INFO:Total runtime is 2.11012464761734 minutes
2022-07-25 21:42:42,252:INFO:SubProcess create_model() called ==================================
2022-07-25 21:42:42,252:INFO:Initializing create_model()
2022-07-25 21:42:42,252:INFO:create_model(estimator=llar, fold=KFold(n_splits=10, random_state=None, shuffle=False), round=4, cross_validation=True, predict=True, fit_kwargs={}, groups=None, refit=False, verbose=False, system=False, metrics=None, experiment_custom_tags=None, add_to_model_list=True, probability_threshold=None, display=<pycaret.internal.Display.Display object at 0x7fa4c722c6d0>, return_train_score=False, kwargs={})
2022-07-25 21:42:42,252:INFO:Checking exceptions
2022-07-25 21:42:42,253:INFO:Importing libraries
2022-07-25 21:42:42,253:INFO:Copying training dataset
2022-07-25 21:42:42,265:INFO:Defining folds
2022-07-25 21:42:42,265:INFO:Declaring metric variables
2022-07-25 21:42:42,274:INFO:Importing untrained model
2022-07-25 21:42:42,283:INFO:Lasso Least Angle Regression Imported succesfully
2022-07-25 21:42:42,300:INFO:Starting cross validation
2022-07-25 21:42:42,301:INFO:Cross validating with KFold(n_splits=10, random_state=None, shuffle=False), n_jobs=-1
2022-07-25 21:42:43,947:INFO:Calculating mean and std
2022-07-25 21:42:43,948:INFO:Creating metrics dataframe
2022-07-25 21:42:43,955:INFO:Uploading results into container
2022-07-25 21:42:43,955:INFO:Uploading model into container now
2022-07-25 21:42:43,955:INFO:create_model_container: 6
2022-07-25 21:42:43,955:INFO:master_model_container: 6
2022-07-25 21:42:43,955:INFO:display_container: 2
2022-07-25 21:42:43,955:INFO:LassoLars(alpha=1.0, copy_X=True, eps=2.220446049250313e-16, fit_intercept=True,
          fit_path=True, jitter=None, max_iter=500, normalize=True,
          positive=False, precompute='auto', random_state=4891, verbose=False)
2022-07-25 21:42:43,956:INFO:create_model() succesfully completed......................................
2022-07-25 21:42:44,043:INFO:SubProcess create_model() end ==================================
2022-07-25 21:42:44,043:INFO:Creating metrics dataframe
2022-07-25 21:42:44,062:INFO:Initializing Orthogonal Matching Pursuit
2022-07-25 21:42:44,062:INFO:Total runtime is 2.1404418349266052 minutes
2022-07-25 21:42:44,070:INFO:SubProcess create_model() called ==================================
2022-07-25 21:42:44,071:INFO:Initializing create_model()
2022-07-25 21:42:44,071:INFO:create_model(estimator=omp, fold=KFold(n_splits=10, random_state=None, shuffle=False), round=4, cross_validation=True, predict=True, fit_kwargs={}, groups=None, refit=False, verbose=False, system=False, metrics=None, experiment_custom_tags=None, add_to_model_list=True, probability_threshold=None, display=<pycaret.internal.Display.Display object at 0x7fa4c722c6d0>, return_train_score=False, kwargs={})
2022-07-25 21:42:44,071:INFO:Checking exceptions
2022-07-25 21:42:44,071:INFO:Importing libraries
2022-07-25 21:42:44,071:INFO:Copying training dataset
2022-07-25 21:42:44,084:INFO:Defining folds
2022-07-25 21:42:44,084:INFO:Declaring metric variables
2022-07-25 21:42:44,093:INFO:Importing untrained model
2022-07-25 21:42:44,101:INFO:Orthogonal Matching Pursuit Imported succesfully
2022-07-25 21:42:44,120:INFO:Starting cross validation
2022-07-25 21:42:44,120:INFO:Cross validating with KFold(n_splits=10, random_state=None, shuffle=False), n_jobs=-1
2022-07-25 21:42:45,840:INFO:Calculating mean and std
2022-07-25 21:42:45,842:INFO:Creating metrics dataframe
2022-07-25 21:42:45,848:INFO:Uploading results into container
2022-07-25 21:42:45,848:INFO:Uploading model into container now
2022-07-25 21:42:45,848:INFO:create_model_container: 7
2022-07-25 21:42:45,848:INFO:master_model_container: 7
2022-07-25 21:42:45,848:INFO:display_container: 2
2022-07-25 21:42:45,848:INFO:OrthogonalMatchingPursuit(fit_intercept=True, n_nonzero_coefs=None,
                          normalize=True, precompute='auto', tol=None)
2022-07-25 21:42:45,848:INFO:create_model() succesfully completed......................................
2022-07-25 21:42:45,936:INFO:SubProcess create_model() end ==================================
2022-07-25 21:42:45,936:INFO:Creating metrics dataframe
2022-07-25 21:42:45,956:INFO:Initializing Bayesian Ridge
2022-07-25 21:42:45,956:INFO:Total runtime is 2.172006730238597 minutes
2022-07-25 21:42:45,966:INFO:SubProcess create_model() called ==================================
2022-07-25 21:42:45,966:INFO:Initializing create_model()
2022-07-25 21:42:45,967:INFO:create_model(estimator=br, fold=KFold(n_splits=10, random_state=None, shuffle=False), round=4, cross_validation=True, predict=True, fit_kwargs={}, groups=None, refit=False, verbose=False, system=False, metrics=None, experiment_custom_tags=None, add_to_model_list=True, probability_threshold=None, display=<pycaret.internal.Display.Display object at 0x7fa4c722c6d0>, return_train_score=False, kwargs={})
2022-07-25 21:42:45,967:INFO:Checking exceptions
2022-07-25 21:42:45,967:INFO:Importing libraries
2022-07-25 21:42:45,967:INFO:Copying training dataset
2022-07-25 21:42:45,980:INFO:Defining folds
2022-07-25 21:42:45,980:INFO:Declaring metric variables
2022-07-25 21:42:45,989:INFO:Importing untrained model
2022-07-25 21:42:45,998:INFO:Bayesian Ridge Imported succesfully
2022-07-25 21:42:46,015:INFO:Starting cross validation
2022-07-25 21:42:46,016:INFO:Cross validating with KFold(n_splits=10, random_state=None, shuffle=False), n_jobs=-1
2022-07-25 21:50:36,677:INFO:Calculating mean and std
2022-07-25 21:50:36,681:INFO:Creating metrics dataframe
2022-07-25 21:50:36,689:INFO:Uploading results into container
2022-07-25 21:50:36,689:INFO:Uploading model into container now
2022-07-25 21:50:36,689:INFO:create_model_container: 8
2022-07-25 21:50:36,689:INFO:master_model_container: 8
2022-07-25 21:50:36,689:INFO:display_container: 2
2022-07-25 21:50:36,690:INFO:BayesianRidge(alpha_1=1e-06, alpha_2=1e-06, alpha_init=None,
              compute_score=False, copy_X=True, fit_intercept=True,
              lambda_1=1e-06, lambda_2=1e-06, lambda_init=None, n_iter=300,
              normalize=False, tol=0.001, verbose=False)
2022-07-25 21:50:36,690:INFO:create_model() succesfully completed......................................
2022-07-25 21:50:36,995:INFO:SubProcess create_model() end ==================================
2022-07-25 21:50:36,995:INFO:Creating metrics dataframe
2022-07-25 21:50:37,019:INFO:Initializing Passive Aggressive Regressor
2022-07-25 21:50:37,019:INFO:Total runtime is 10.023061017195383 minutes
2022-07-25 21:50:37,029:INFO:SubProcess create_model() called ==================================
2022-07-25 21:50:37,029:INFO:Initializing create_model()
2022-07-25 21:50:37,029:INFO:create_model(estimator=par, fold=KFold(n_splits=10, random_state=None, shuffle=False), round=4, cross_validation=True, predict=True, fit_kwargs={}, groups=None, refit=False, verbose=False, system=False, metrics=None, experiment_custom_tags=None, add_to_model_list=True, probability_threshold=None, display=<pycaret.internal.Display.Display object at 0x7fa4c722c6d0>, return_train_score=False, kwargs={})
2022-07-25 21:50:37,029:INFO:Checking exceptions
2022-07-25 21:50:37,029:INFO:Importing libraries
2022-07-25 21:50:37,029:INFO:Copying training dataset
2022-07-25 21:50:37,119:INFO:Defining folds
2022-07-25 21:50:37,119:INFO:Declaring metric variables
2022-07-25 21:50:37,127:INFO:Importing untrained model
2022-07-25 21:50:37,136:INFO:Passive Aggressive Regressor Imported succesfully
2022-07-25 21:50:37,154:INFO:Starting cross validation
2022-07-25 21:50:37,155:INFO:Cross validating with KFold(n_splits=10, random_state=None, shuffle=False), n_jobs=-1
2022-07-25 21:50:49,261:INFO:Calculating mean and std
2022-07-25 21:50:49,264:INFO:Creating metrics dataframe
2022-07-25 21:50:49,271:INFO:Uploading results into container
2022-07-25 21:50:49,271:INFO:Uploading model into container now
2022-07-25 21:50:49,272:INFO:create_model_container: 9
2022-07-25 21:50:49,272:INFO:master_model_container: 9
2022-07-25 21:50:49,272:INFO:display_container: 2
2022-07-25 21:50:49,272:INFO:PassiveAggressiveRegressor(C=1.0, average=False, early_stopping=False,
                           epsilon=0.1, fit_intercept=True,
                           loss='epsilon_insensitive', max_iter=1000,
                           n_iter_no_change=5, random_state=4891, shuffle=True,
                           tol=0.001, validation_fraction=0.1, verbose=0,
                           warm_start=False)
2022-07-25 21:50:49,273:INFO:create_model() succesfully completed......................................
2022-07-25 21:50:49,391:INFO:SubProcess create_model() end ==================================
2022-07-25 21:50:49,391:INFO:Creating metrics dataframe
2022-07-25 21:50:49,414:INFO:Initializing Huber Regressor
2022-07-25 21:50:49,414:INFO:Total runtime is 10.22964485088984 minutes
2022-07-25 21:50:49,423:INFO:SubProcess create_model() called ==================================
2022-07-25 21:50:49,423:INFO:Initializing create_model()
2022-07-25 21:50:49,424:INFO:create_model(estimator=huber, fold=KFold(n_splits=10, random_state=None, shuffle=False), round=4, cross_validation=True, predict=True, fit_kwargs={}, groups=None, refit=False, verbose=False, system=False, metrics=None, experiment_custom_tags=None, add_to_model_list=True, probability_threshold=None, display=<pycaret.internal.Display.Display object at 0x7fa4c722c6d0>, return_train_score=False, kwargs={})
2022-07-25 21:50:49,424:INFO:Checking exceptions
2022-07-25 21:50:49,424:INFO:Importing libraries
2022-07-25 21:50:49,424:INFO:Copying training dataset
2022-07-25 21:50:49,469:INFO:Defining folds
2022-07-25 21:50:49,470:INFO:Declaring metric variables
2022-07-25 21:50:49,479:INFO:Importing untrained model
2022-07-25 21:50:49,489:INFO:Huber Regressor Imported succesfully
2022-07-25 21:50:49,508:INFO:Starting cross validation
2022-07-25 21:50:49,509:INFO:Cross validating with KFold(n_splits=10, random_state=None, shuffle=False), n_jobs=-1
2022-07-25 21:52:17,615:INFO:Calculating mean and std
2022-07-25 21:52:17,617:INFO:Creating metrics dataframe
2022-07-25 21:52:17,622:INFO:Uploading results into container
2022-07-25 21:52:17,623:INFO:Uploading model into container now
2022-07-25 21:52:17,623:INFO:create_model_container: 10
2022-07-25 21:52:17,623:INFO:master_model_container: 10
2022-07-25 21:52:17,623:INFO:display_container: 2
2022-07-25 21:52:17,623:INFO:HuberRegressor(alpha=0.0001, epsilon=1.35, fit_intercept=True, max_iter=100,
               tol=1e-05, warm_start=False)
2022-07-25 21:52:17,623:INFO:create_model() succesfully completed......................................
2022-07-25 21:52:17,717:INFO:SubProcess create_model() end ==================================
2022-07-25 21:52:17,717:INFO:Creating metrics dataframe
2022-07-25 21:52:17,739:INFO:Initializing K Neighbors Regressor
2022-07-25 21:52:17,739:INFO:Total runtime is 11.701720480124155 minutes
2022-07-25 21:52:17,749:INFO:SubProcess create_model() called ==================================
2022-07-25 21:52:17,749:INFO:Initializing create_model()
2022-07-25 21:52:17,749:INFO:create_model(estimator=knn, fold=KFold(n_splits=10, random_state=None, shuffle=False), round=4, cross_validation=True, predict=True, fit_kwargs={}, groups=None, refit=False, verbose=False, system=False, metrics=None, experiment_custom_tags=None, add_to_model_list=True, probability_threshold=None, display=<pycaret.internal.Display.Display object at 0x7fa4c722c6d0>, return_train_score=False, kwargs={})
2022-07-25 21:52:17,749:INFO:Checking exceptions
2022-07-25 21:52:17,750:INFO:Importing libraries
2022-07-25 21:52:17,750:INFO:Copying training dataset
2022-07-25 21:52:17,763:INFO:Defining folds
2022-07-25 21:52:17,763:INFO:Declaring metric variables
2022-07-25 21:52:17,773:INFO:Importing untrained model
2022-07-25 21:52:17,782:INFO:K Neighbors Regressor Imported succesfully
2022-07-25 21:52:17,804:INFO:Starting cross validation
2022-07-25 21:52:17,805:INFO:Cross validating with KFold(n_splits=10, random_state=None, shuffle=False), n_jobs=-1
2022-07-25 21:52:27,413:INFO:Calculating mean and std
2022-07-25 21:52:27,415:INFO:Creating metrics dataframe
2022-07-25 21:52:27,420:INFO:Uploading results into container
2022-07-25 21:52:27,420:INFO:Uploading model into container now
2022-07-25 21:52:27,420:INFO:create_model_container: 11
2022-07-25 21:52:27,420:INFO:master_model_container: 11
2022-07-25 21:52:27,421:INFO:display_container: 2
2022-07-25 21:52:27,421:INFO:KNeighborsRegressor(algorithm='auto', leaf_size=30, metric='minkowski',
                    metric_params=None, n_jobs=-1, n_neighbors=5, p=2,
                    weights='uniform')
2022-07-25 21:52:27,421:INFO:create_model() succesfully completed......................................
2022-07-25 21:52:27,513:INFO:SubProcess create_model() end ==================================
2022-07-25 21:52:27,513:INFO:Creating metrics dataframe
2022-07-25 21:52:27,534:INFO:Initializing Decision Tree Regressor
2022-07-25 21:52:27,535:INFO:Total runtime is 11.864983332157134 minutes
2022-07-25 21:52:27,543:INFO:SubProcess create_model() called ==================================
2022-07-25 21:52:27,544:INFO:Initializing create_model()
2022-07-25 21:52:27,544:INFO:create_model(estimator=dt, fold=KFold(n_splits=10, random_state=None, shuffle=False), round=4, cross_validation=True, predict=True, fit_kwargs={}, groups=None, refit=False, verbose=False, system=False, metrics=None, experiment_custom_tags=None, add_to_model_list=True, probability_threshold=None, display=<pycaret.internal.Display.Display object at 0x7fa4c722c6d0>, return_train_score=False, kwargs={})
2022-07-25 21:52:27,544:INFO:Checking exceptions
2022-07-25 21:52:27,544:INFO:Importing libraries
2022-07-25 21:52:27,544:INFO:Copying training dataset
2022-07-25 21:52:27,558:INFO:Defining folds
2022-07-25 21:52:27,558:INFO:Declaring metric variables
2022-07-25 21:52:27,568:INFO:Importing untrained model
2022-07-25 21:52:27,578:INFO:Decision Tree Regressor Imported succesfully
2022-07-25 21:52:27,600:INFO:Starting cross validation
2022-07-25 21:52:27,601:INFO:Cross validating with KFold(n_splits=10, random_state=None, shuffle=False), n_jobs=-1
2022-07-25 21:52:31,755:INFO:Calculating mean and std
2022-07-25 21:52:31,757:INFO:Creating metrics dataframe
2022-07-25 21:52:31,763:INFO:Uploading results into container
2022-07-25 21:52:31,763:INFO:Uploading model into container now
2022-07-25 21:52:31,764:INFO:create_model_container: 12
2022-07-25 21:52:31,764:INFO:master_model_container: 12
2022-07-25 21:52:31,764:INFO:display_container: 2
2022-07-25 21:52:31,764:INFO:DecisionTreeRegressor(ccp_alpha=0.0, criterion='mse', max_depth=None,
                      max_features=None, max_leaf_nodes=None,
                      min_impurity_decrease=0.0, min_impurity_split=None,
                      min_samples_leaf=1, min_samples_split=2,
                      min_weight_fraction_leaf=0.0, presort='deprecated',
                      random_state=4891, splitter='best')
2022-07-25 21:52:31,765:INFO:create_model() succesfully completed......................................
2022-07-25 21:52:31,855:INFO:SubProcess create_model() end ==================================
2022-07-25 21:52:31,856:INFO:Creating metrics dataframe
2022-07-25 21:52:31,877:INFO:Initializing Random Forest Regressor
2022-07-25 21:52:31,877:INFO:Total runtime is 11.937354449431101 minutes
2022-07-25 21:52:31,886:INFO:SubProcess create_model() called ==================================
2022-07-25 21:52:31,886:INFO:Initializing create_model()
2022-07-25 21:52:31,886:INFO:create_model(estimator=rf, fold=KFold(n_splits=10, random_state=None, shuffle=False), round=4, cross_validation=True, predict=True, fit_kwargs={}, groups=None, refit=False, verbose=False, system=False, metrics=None, experiment_custom_tags=None, add_to_model_list=True, probability_threshold=None, display=<pycaret.internal.Display.Display object at 0x7fa4c722c6d0>, return_train_score=False, kwargs={})
2022-07-25 21:52:31,886:INFO:Checking exceptions
2022-07-25 21:52:31,886:INFO:Importing libraries
2022-07-25 21:52:31,887:INFO:Copying training dataset
2022-07-25 21:52:31,900:INFO:Defining folds
2022-07-25 21:52:31,900:INFO:Declaring metric variables
2022-07-25 21:52:31,909:INFO:Importing untrained model
2022-07-25 21:52:31,918:INFO:Random Forest Regressor Imported succesfully
2022-07-25 21:52:31,937:INFO:Starting cross validation
2022-07-25 21:52:31,938:INFO:Cross validating with KFold(n_splits=10, random_state=None, shuffle=False), n_jobs=-1
2022-07-25 21:56:11,937:INFO:Calculating mean and std
2022-07-25 21:56:11,939:INFO:Creating metrics dataframe
2022-07-25 21:56:11,946:INFO:Uploading results into container
2022-07-25 21:56:11,946:INFO:Uploading model into container now
2022-07-25 21:56:11,946:INFO:create_model_container: 13
2022-07-25 21:56:11,946:INFO:master_model_container: 13
2022-07-25 21:56:11,946:INFO:display_container: 2
2022-07-25 21:56:11,946:INFO:RandomForestRegressor(bootstrap=True, ccp_alpha=0.0, criterion='mse',
                      max_depth=None, max_features='auto', max_leaf_nodes=None,
                      max_samples=None, min_impurity_decrease=0.0,
                      min_impurity_split=None, min_samples_leaf=1,
                      min_samples_split=2, min_weight_fraction_leaf=0.0,
                      n_estimators=100, n_jobs=-1, oob_score=False,
                      random_state=4891, verbose=0, warm_start=False)
2022-07-25 21:56:11,947:INFO:create_model() succesfully completed......................................
2022-07-25 21:56:12,042:INFO:SubProcess create_model() end ==================================
2022-07-25 21:56:12,042:INFO:Creating metrics dataframe
2022-07-25 21:56:12,066:INFO:Initializing Extra Trees Regressor
2022-07-25 21:56:12,066:INFO:Total runtime is 15.607176280021667 minutes
2022-07-25 21:56:12,076:INFO:SubProcess create_model() called ==================================
2022-07-25 21:56:12,076:INFO:Initializing create_model()
2022-07-25 21:56:12,077:INFO:create_model(estimator=et, fold=KFold(n_splits=10, random_state=None, shuffle=False), round=4, cross_validation=True, predict=True, fit_kwargs={}, groups=None, refit=False, verbose=False, system=False, metrics=None, experiment_custom_tags=None, add_to_model_list=True, probability_threshold=None, display=<pycaret.internal.Display.Display object at 0x7fa4c722c6d0>, return_train_score=False, kwargs={})
2022-07-25 21:56:12,077:INFO:Checking exceptions
2022-07-25 21:56:12,077:INFO:Importing libraries
2022-07-25 21:56:12,077:INFO:Copying training dataset
2022-07-25 21:56:12,092:INFO:Defining folds
2022-07-25 21:56:12,092:INFO:Declaring metric variables
2022-07-25 21:56:12,101:INFO:Importing untrained model
2022-07-25 21:56:12,114:INFO:Extra Trees Regressor Imported succesfully
2022-07-25 21:56:12,137:INFO:Starting cross validation
2022-07-25 21:56:12,138:INFO:Cross validating with KFold(n_splits=10, random_state=None, shuffle=False), n_jobs=-1
2022-07-25 22:03:02,176:INFO:Calculating mean and std
2022-07-25 22:03:02,179:INFO:Creating metrics dataframe
2022-07-25 22:03:02,188:INFO:Uploading results into container
2022-07-25 22:03:02,189:INFO:Uploading model into container now
2022-07-25 22:03:02,189:INFO:create_model_container: 14
2022-07-25 22:03:02,189:INFO:master_model_container: 14
2022-07-25 22:03:02,189:INFO:display_container: 2
2022-07-25 22:03:02,190:INFO:ExtraTreesRegressor(bootstrap=False, ccp_alpha=0.0, criterion='mse',
                    max_depth=None, max_features='auto', max_leaf_nodes=None,
                    max_samples=None, min_impurity_decrease=0.0,
                    min_impurity_split=None, min_samples_leaf=1,
                    min_samples_split=2, min_weight_fraction_leaf=0.0,
                    n_estimators=100, n_jobs=-1, oob_score=False,
                    random_state=4891, verbose=0, warm_start=False)
2022-07-25 22:03:02,191:INFO:create_model() succesfully completed......................................
2022-07-25 22:03:02,329:INFO:SubProcess create_model() end ==================================
2022-07-25 22:03:02,329:INFO:Creating metrics dataframe
2022-07-25 22:03:02,352:INFO:Initializing AdaBoost Regressor
2022-07-25 22:03:02,352:INFO:Total runtime is 22.44527618487676 minutes
2022-07-25 22:03:02,364:INFO:SubProcess create_model() called ==================================
2022-07-25 22:03:02,365:INFO:Initializing create_model()
2022-07-25 22:03:02,365:INFO:create_model(estimator=ada, fold=KFold(n_splits=10, random_state=None, shuffle=False), round=4, cross_validation=True, predict=True, fit_kwargs={}, groups=None, refit=False, verbose=False, system=False, metrics=None, experiment_custom_tags=None, add_to_model_list=True, probability_threshold=None, display=<pycaret.internal.Display.Display object at 0x7fa4c722c6d0>, return_train_score=False, kwargs={})
2022-07-25 22:03:02,365:INFO:Checking exceptions
2022-07-25 22:03:02,365:INFO:Importing libraries
2022-07-25 22:03:02,366:INFO:Copying training dataset
2022-07-25 22:03:02,382:INFO:Defining folds
2022-07-25 22:03:02,382:INFO:Declaring metric variables
2022-07-25 22:03:02,396:INFO:Importing untrained model
2022-07-25 22:03:02,408:INFO:AdaBoost Regressor Imported succesfully
2022-07-25 22:03:02,436:INFO:Starting cross validation
2022-07-25 22:03:02,437:INFO:Cross validating with KFold(n_splits=10, random_state=None, shuffle=False), n_jobs=-1
2022-07-25 22:04:31,919:INFO:Calculating mean and std
2022-07-25 22:04:31,925:INFO:Creating metrics dataframe
2022-07-25 22:04:31,934:INFO:Uploading results into container
2022-07-25 22:04:31,934:INFO:Uploading model into container now
2022-07-25 22:04:31,934:INFO:create_model_container: 15
2022-07-25 22:04:31,934:INFO:master_model_container: 15
2022-07-25 22:04:31,935:INFO:display_container: 2
2022-07-25 22:04:31,935:INFO:AdaBoostRegressor(base_estimator=None, learning_rate=1.0, loss='linear',
                  n_estimators=50, random_state=4891)
2022-07-25 22:04:31,935:INFO:create_model() succesfully completed......................................
2022-07-25 22:04:32,054:INFO:SubProcess create_model() end ==================================
2022-07-25 22:04:32,054:INFO:Creating metrics dataframe
2022-07-25 22:04:32,076:INFO:Initializing Gradient Boosting Regressor
2022-07-25 22:04:32,076:INFO:Total runtime is 23.94066949685415 minutes
2022-07-25 22:04:32,084:INFO:SubProcess create_model() called ==================================
2022-07-25 22:04:32,085:INFO:Initializing create_model()
2022-07-25 22:04:32,085:INFO:create_model(estimator=gbr, fold=KFold(n_splits=10, random_state=None, shuffle=False), round=4, cross_validation=True, predict=True, fit_kwargs={}, groups=None, refit=False, verbose=False, system=False, metrics=None, experiment_custom_tags=None, add_to_model_list=True, probability_threshold=None, display=<pycaret.internal.Display.Display object at 0x7fa4c722c6d0>, return_train_score=False, kwargs={})
2022-07-25 22:04:32,085:INFO:Checking exceptions
2022-07-25 22:04:32,085:INFO:Importing libraries
2022-07-25 22:04:32,085:INFO:Copying training dataset
2022-07-25 22:04:32,130:INFO:Defining folds
2022-07-25 22:04:32,131:INFO:Declaring metric variables
2022-07-25 22:04:32,141:INFO:Importing untrained model
2022-07-25 22:04:32,149:INFO:Gradient Boosting Regressor Imported succesfully
2022-07-25 22:04:32,170:INFO:Starting cross validation
2022-07-25 22:04:32,171:INFO:Cross validating with KFold(n_splits=10, random_state=None, shuffle=False), n_jobs=-1
2022-07-25 22:05:00,808:WARNING:create_model() for gbr raised an exception or returned all 0.0, trying without fit_kwargs:
2022-07-25 22:05:00,823:WARNING:Traceback (most recent call last):
  File "/Users/josephluiz/miniconda3/envs/THIRD_LOVE/lib/python3.7/site-packages/pycaret/internal/tabular.py", line 2203, in compare_models
    model, model_fit_time = create_model_supervised(**create_model_args)
  File "/Users/josephluiz/miniconda3/envs/THIRD_LOVE/lib/python3.7/site-packages/pycaret/internal/tabular.py", line 3210, in create_model_supervised
    error_score=0,
  File "/Users/josephluiz/miniconda3/envs/THIRD_LOVE/lib/python3.7/site-packages/sklearn/utils/validation.py", line 72, in inner_f
    return f(**kwargs)
  File "/Users/josephluiz/miniconda3/envs/THIRD_LOVE/lib/python3.7/site-packages/sklearn/model_selection/_validation.py", line 248, in cross_validate
    for train, test in cv.split(X, y, groups))
  File "/Users/josephluiz/miniconda3/envs/THIRD_LOVE/lib/python3.7/site-packages/joblib/parallel.py", line 1054, in __call__
    self.retrieve()
  File "/Users/josephluiz/miniconda3/envs/THIRD_LOVE/lib/python3.7/site-packages/joblib/parallel.py", line 933, in retrieve
    self._output.extend(job.get(timeout=self.timeout))
  File "/Users/josephluiz/miniconda3/envs/THIRD_LOVE/lib/python3.7/site-packages/joblib/_parallel_backends.py", line 542, in wrap_future_result
    return future.result(timeout=timeout)
  File "/Users/josephluiz/miniconda3/envs/THIRD_LOVE/lib/python3.7/concurrent/futures/_base.py", line 430, in result
    self._condition.wait(timeout)
  File "/Users/josephluiz/miniconda3/envs/THIRD_LOVE/lib/python3.7/threading.py", line 296, in wait
    waiter.acquire()
KeyboardInterrupt

2022-07-25 22:05:00,823:INFO:Initializing create_model()
2022-07-25 22:05:00,823:INFO:create_model(estimator=gbr, fold=KFold(n_splits=10, random_state=None, shuffle=False), round=4, cross_validation=True, predict=True, fit_kwargs={}, groups=None, refit=False, verbose=False, system=False, metrics=None, experiment_custom_tags=None, add_to_model_list=True, probability_threshold=None, display=<pycaret.internal.Display.Display object at 0x7fa4c722c6d0>, return_train_score=False, kwargs={})
2022-07-25 22:05:00,823:INFO:Checking exceptions
2022-07-25 22:05:00,824:INFO:Importing libraries
2022-07-25 22:05:00,824:INFO:Copying training dataset
2022-07-25 22:05:00,864:INFO:Defining folds
2022-07-25 22:05:00,864:INFO:Declaring metric variables
2022-07-25 22:05:00,874:INFO:Importing untrained model
2022-07-25 22:05:00,884:INFO:Gradient Boosting Regressor Imported succesfully
2022-07-25 22:05:00,909:INFO:Starting cross validation
2022-07-25 22:05:00,910:INFO:Cross validating with KFold(n_splits=10, random_state=None, shuffle=False), n_jobs=-1
2022-07-25 22:06:00,998:INFO:Calculating mean and std
2022-07-25 22:06:01,002:INFO:Creating metrics dataframe
2022-07-25 22:06:01,015:INFO:Uploading results into container
2022-07-25 22:06:01,015:INFO:Uploading model into container now
2022-07-25 22:06:01,015:INFO:create_model_container: 16
2022-07-25 22:06:01,016:INFO:master_model_container: 16
2022-07-25 22:06:01,016:INFO:display_container: 2
2022-07-25 22:06:01,017:INFO:GradientBoostingRegressor(alpha=0.9, ccp_alpha=0.0, criterion='friedman_mse',
                          init=None, learning_rate=0.1, loss='ls', max_depth=3,
                          max_features=None, max_leaf_nodes=None,
                          min_impurity_decrease=0.0, min_impurity_split=None,
                          min_samples_leaf=1, min_samples_split=2,
                          min_weight_fraction_leaf=0.0, n_estimators=100,
                          n_iter_no_change=None, presort='deprecated',
                          random_state=4891, subsample=1.0, tol=0.0001,
                          validation_fraction=0.1, verbose=0, warm_start=False)
2022-07-25 22:06:01,017:INFO:create_model() succesfully completed......................................
2022-07-25 22:06:01,204:INFO:SubProcess create_model() end ==================================
2022-07-25 22:06:01,205:INFO:Creating metrics dataframe
2022-07-25 22:06:01,240:INFO:Initializing Extreme Gradient Boosting
2022-07-25 22:06:01,241:INFO:Total runtime is 25.426749066511793 minutes
2022-07-25 22:06:01,253:INFO:SubProcess create_model() called ==================================
2022-07-25 22:06:01,254:INFO:Initializing create_model()
2022-07-25 22:06:01,254:INFO:create_model(estimator=xgboost, fold=KFold(n_splits=10, random_state=None, shuffle=False), round=4, cross_validation=True, predict=True, fit_kwargs={}, groups=None, refit=False, verbose=False, system=False, metrics=None, experiment_custom_tags=None, add_to_model_list=True, probability_threshold=None, display=<pycaret.internal.Display.Display object at 0x7fa4c722c6d0>, return_train_score=False, kwargs={})
2022-07-25 22:06:01,254:INFO:Checking exceptions
2022-07-25 22:06:01,255:INFO:Importing libraries
2022-07-25 22:06:01,255:INFO:Copying training dataset
2022-07-25 22:06:01,312:INFO:Defining folds
2022-07-25 22:06:01,312:INFO:Declaring metric variables
2022-07-25 22:06:01,325:INFO:Importing untrained model
2022-07-25 22:06:01,338:INFO:Extreme Gradient Boosting Imported succesfully
2022-07-25 22:06:01,367:INFO:Starting cross validation
2022-07-25 22:06:01,369:INFO:Cross validating with KFold(n_splits=10, random_state=None, shuffle=False), n_jobs=-1
2022-07-25 22:07:17,242:WARNING:create_model() for xgboost raised an exception or returned all 0.0, trying without fit_kwargs:
2022-07-25 22:07:17,244:WARNING:Traceback (most recent call last):
  File "/Users/josephluiz/miniconda3/envs/THIRD_LOVE/lib/python3.7/site-packages/pycaret/internal/tabular.py", line 2203, in compare_models
    model, model_fit_time = create_model_supervised(**create_model_args)
  File "/Users/josephluiz/miniconda3/envs/THIRD_LOVE/lib/python3.7/site-packages/pycaret/internal/tabular.py", line 3210, in create_model_supervised
    error_score=0,
  File "/Users/josephluiz/miniconda3/envs/THIRD_LOVE/lib/python3.7/site-packages/sklearn/utils/validation.py", line 72, in inner_f
    return f(**kwargs)
  File "/Users/josephluiz/miniconda3/envs/THIRD_LOVE/lib/python3.7/site-packages/sklearn/model_selection/_validation.py", line 248, in cross_validate
    for train, test in cv.split(X, y, groups))
  File "/Users/josephluiz/miniconda3/envs/THIRD_LOVE/lib/python3.7/site-packages/joblib/parallel.py", line 1054, in __call__
    self.retrieve()
  File "/Users/josephluiz/miniconda3/envs/THIRD_LOVE/lib/python3.7/site-packages/joblib/parallel.py", line 933, in retrieve
    self._output.extend(job.get(timeout=self.timeout))
  File "/Users/josephluiz/miniconda3/envs/THIRD_LOVE/lib/python3.7/site-packages/joblib/_parallel_backends.py", line 542, in wrap_future_result
    return future.result(timeout=timeout)
  File "/Users/josephluiz/miniconda3/envs/THIRD_LOVE/lib/python3.7/concurrent/futures/_base.py", line 430, in result
    self._condition.wait(timeout)
  File "/Users/josephluiz/miniconda3/envs/THIRD_LOVE/lib/python3.7/threading.py", line 296, in wait
    waiter.acquire()
KeyboardInterrupt

2022-07-25 22:07:17,245:INFO:Initializing create_model()
2022-07-25 22:07:17,245:INFO:create_model(estimator=xgboost, fold=KFold(n_splits=10, random_state=None, shuffle=False), round=4, cross_validation=True, predict=True, fit_kwargs={}, groups=None, refit=False, verbose=False, system=False, metrics=None, experiment_custom_tags=None, add_to_model_list=True, probability_threshold=None, display=<pycaret.internal.Display.Display object at 0x7fa4c722c6d0>, return_train_score=False, kwargs={})
2022-07-25 22:07:17,245:INFO:Checking exceptions
2022-07-25 22:07:17,246:INFO:Importing libraries
2022-07-25 22:07:17,246:INFO:Copying training dataset
2022-07-25 22:07:17,289:INFO:Defining folds
2022-07-25 22:07:17,289:INFO:Declaring metric variables
2022-07-25 22:07:17,301:INFO:Importing untrained model
2022-07-25 22:07:17,313:INFO:Extreme Gradient Boosting Imported succesfully
2022-07-25 22:07:17,345:INFO:Starting cross validation
2022-07-25 22:07:17,347:INFO:Cross validating with KFold(n_splits=10, random_state=None, shuffle=False), n_jobs=-1
2022-07-25 22:10:42,847:INFO:PyCaret Supervised Module
2022-07-25 22:10:42,848:INFO:ML Usecase: regression
2022-07-25 22:10:42,848:INFO:version 2.3.10
2022-07-25 22:10:42,848:INFO:Initializing setup()
2022-07-25 22:10:42,850:INFO:setup(target=KWH, ml_usecase=regression, available_plots={'parameter': 'Hyperparameters', 'residuals': 'Residuals', 'error': 'Prediction Error', 'cooks': 'Cooks Distance', 'rfe': 'Feature Selection', 'learning': 'Learning Curve', 'manifold': 'Manifold Learning', 'vc': 'Validation Curve', 'feature': 'Feature Importance', 'feature_all': 'Feature Importance (All)', 'tree': 'Decision Tree', 'residuals_interactive': 'Interactive Residuals'}, train_size=0.7, test_data=None, preprocess=True, imputation_type=simple, iterative_imputation_iters=5, categorical_features=None, categorical_imputation=constant, categorical_iterative_imputer=lightgbm, ordinal_features=None, high_cardinality_features=None, high_cardinality_method=frequency, numeric_features=None, numeric_imputation=mean, numeric_iterative_imputer=lightgbm, date_features=None, ignore_features=None, normalize=False, normalize_method=zscore, transformation=False, transformation_method=yeo-johnson, handle_unknown_categorical=True, unknown_categorical_method=least_frequent, pca=False, pca_method=linear, pca_components=None, ignore_low_variance=False, combine_rare_levels=False, rare_level_threshold=0.1, bin_numeric_features=None, remove_outliers=False, outliers_threshold=0.05, remove_multicollinearity=False, multicollinearity_threshold=0.9, remove_perfect_collinearity=True, create_clusters=False, cluster_iter=20, polynomial_features=False, polynomial_degree=2, trigonometry_features=False, polynomial_threshold=0.1, group_features=None, group_names=None, feature_selection=False, feature_selection_threshold=0.8, feature_selection_method=classic, feature_interaction=False, feature_ratio=False, interaction_threshold=0.01, fix_imbalance=False, fix_imbalance_method=None, transform_target=False, transform_target_method=box-cox, data_split_shuffle=True, data_split_stratify=False, fold_strategy=kfold, fold=10, fold_shuffle=False, fold_groups=None, n_jobs=-1, use_gpu=False, custom_pipeline=None, html=True, session_id=None, log_experiment=False, experiment_name=None, experiment_custom_tags=None, log_plots=False, log_profile=False, log_data=False, silent=False, verbose=True, profile=False, profile_kwargs=None, display=None)
2022-07-25 22:10:42,851:INFO:Checking environment
2022-07-25 22:10:42,857:INFO:python_version: 3.7.12
2022-07-25 22:10:42,858:INFO:python_build: ('default', 'Oct 26 2021 05:57:50')
2022-07-25 22:10:42,858:INFO:machine: x86_64
2022-07-25 22:10:42,858:INFO:platform: Darwin-21.4.0-x86_64-i386-64bit
2022-07-25 22:10:42,858:WARNING:cannot find psutil installation. memory not traceable. Install psutil using pip to enable memory logging.
2022-07-25 22:10:42,858:INFO:Checking libraries
2022-07-25 22:10:42,858:INFO:pd==1.3.5
2022-07-25 22:10:42,858:INFO:numpy==1.19.5
2022-07-25 22:10:42,858:INFO:sklearn==0.23.2
2022-07-25 22:10:42,859:INFO:lightgbm==3.3.2
2022-07-25 22:10:42,859:WARNING:catboost not found
2022-07-25 22:10:42,981:INFO:xgboost==1.5.1
2022-07-25 22:10:42,981:INFO:mlflow==1.25.0
2022-07-25 22:10:42,981:INFO:Checking Exceptions
2022-07-25 22:10:42,981:INFO:Declaring global variables
2022-07-25 22:10:42,982:INFO:USI: 8046
2022-07-25 22:10:42,982:INFO:pycaret_globals: {'prep_pipe', 'exp_name_log', 'gpu_param', 'fix_imbalance_param', '_all_models_internal', 'log_plots_param', 'fold_groups_param', 'fold_shuffle_param', 'fold_groups_param_full', 'html_param', 'iterative_imputation_iters_param', 'y_train', 'imputation_regressor', 'transform_target_method_param', 'y', 'create_model_container', '_available_plots', 'USI', '_ml_usecase', 'display_container', 'fold_param', '_internal_pipeline', 'master_model_container', 'stratify_param', 'dashboard_logger', '_gpu_n_jobs_param', 'n_jobs_param', 'experiment__', 'X_train', '_all_metrics', 'pycaret_globals', 'target_param', 'X_test', 'logging_param', 'data_before_preprocess', 'y_test', '_all_models', 'seed', 'transform_target_param', 'fold_generator', 'fix_imbalance_method_param', 'imputation_classifier', 'X'}
2022-07-25 22:10:42,982:INFO:Preparing display monitor
2022-07-25 22:10:42,982:INFO:Preparing display monitor
2022-07-25 22:10:43,013:INFO:Importing libraries
2022-07-25 22:10:43,013:INFO:Copying data for preprocessing
2022-07-25 22:10:43,051:INFO:Declaring preprocessing parameters
2022-07-25 22:10:43,176:INFO:Creating preprocessing pipeline
2022-07-25 22:10:44,609:INFO:Preprocessing pipeline created successfully
2022-07-25 22:10:44,609:ERROR:(Process Exit): setup has been interupted with user command 'quit'. setup must rerun.
2022-07-25 22:10:44,609:INFO:Creating global containers
2022-07-25 22:10:44,611:INFO:Internal pipeline: Pipeline(memory=None, steps=[('empty_step', 'passthrough')], verbose=False)
2022-07-25 22:11:56,054:WARNING:Couldn't import catboost.CatBoostRegressor
2022-07-25 22:11:56,158:WARNING:Couldn't import catboost.CatBoostRegressor
2022-07-25 22:11:56,159:INFO:Creating grid variables
2022-07-25 22:11:56,187:INFO:create_model_container: 0
2022-07-25 22:11:56,188:INFO:master_model_container: 0
2022-07-25 22:11:56,188:INFO:display_container: 1
2022-07-25 22:11:56,192:INFO:Pipeline(memory=None,
         steps=[('dtypes',
                 DataTypes_Auto_infer(categorical_features=[],
                                      display_types=True, features_todrop=[],
                                      id_columns=['DOEID'],
                                      ml_usecase='regression',
                                      numerical_features=[], target='KWH',
                                      time_features=[])),
                ('imputer',
                 Simple_Imputer(categorical_strategy='not_available',
                                fill_value_categorical=None,
                                fill_value_numerical=None,
                                numeric_strat...
                ('scaling', 'passthrough'), ('P_transform', 'passthrough'),
                ('binn', 'passthrough'), ('rem_outliers', 'passthrough'),
                ('cluster_all', 'passthrough'),
                ('dummy', Dummify(target='KWH')),
                ('fix_perfect', Remove_100(target='KWH')),
                ('clean_names', Clean_Colum_Names()),
                ('feature_select', 'passthrough'), ('fix_multi', 'passthrough'),
                ('dfs', 'passthrough'), ('pca', 'passthrough')],
         verbose=False)
2022-07-25 22:11:56,193:INFO:setup() succesfully completed......................................
2022-07-25 23:03:27,679:INFO:Initializing create_model()
2022-07-25 23:03:27,680:INFO:create_model(estimator=lr, fold=None, round=4, cross_validation=True, predict=True, fit_kwargs=None, groups=None, refit=True, verbose=True, system=True, metrics=None, experiment_custom_tags=None, add_to_model_list=True, probability_threshold=None, display=None, return_train_score=True, kwargs={})
2022-07-25 23:03:27,681:INFO:Checking exceptions
2022-07-25 23:03:27,681:INFO:Preparing display monitor
2022-07-25 23:03:27,710:INFO:Importing libraries
2022-07-25 23:03:27,710:INFO:Copying training dataset
2022-07-25 23:03:27,769:INFO:Defining folds
2022-07-25 23:03:27,769:INFO:Declaring metric variables
2022-07-25 23:03:27,780:INFO:Importing untrained model
2022-07-25 23:03:27,792:INFO:Linear Regression Imported succesfully
2022-07-25 23:03:27,817:INFO:Starting cross validation
2022-07-25 23:03:27,826:INFO:Cross validating with KFold(n_splits=10, random_state=None, shuffle=False), n_jobs=-1
2022-07-25 23:04:02,933:INFO:Calculating mean and std
2022-07-25 23:04:02,939:INFO:Creating metrics dataframe
2022-07-25 23:04:02,959:INFO:Finalizing model
2022-07-25 23:04:05,345:INFO:Initializing predict_model()
2022-07-25 23:04:05,345:INFO:predict_model(estimator=Pipeline(memory=None,
         steps=[('empty_step', 'passthrough'),
                ('actual_estimator',
                 LinearRegression(copy_X=True, fit_intercept=True, n_jobs=-1,
                                  normalize=False))],
         verbose=False), probability_threshold=None, encoded_labels=False, drift_report=False, raw_score=False, round=4, verbose=True, ml_usecase=None, display=None, drift_kwargs=None)
2022-07-25 23:04:05,345:INFO:Checking exceptions
2022-07-25 23:04:05,345:INFO:Preloading libraries
2022-07-25 23:04:05,345:INFO:Preparing display monitor
2022-07-25 23:04:05,747:INFO:Uploading results into container
2022-07-25 23:04:05,747:INFO:Uploading model into container now
2022-07-25 23:04:05,766:INFO:create_model_container: 1
2022-07-25 23:04:05,766:INFO:master_model_container: 1
2022-07-25 23:04:05,766:INFO:display_container: 2
2022-07-25 23:04:05,766:INFO:LinearRegression(copy_X=True, fit_intercept=True, n_jobs=-1, normalize=False)
2022-07-25 23:04:05,767:INFO:create_model() succesfully completed......................................
2022-07-28 16:45:49,813:INFO:PyCaret Supervised Module
2022-07-28 16:45:49,815:INFO:ML Usecase: regression
2022-07-28 16:45:49,815:INFO:version 2.3.10
2022-07-28 16:45:49,815:INFO:Initializing setup()
2022-07-28 16:45:49,815:INFO:setup(target=KWH, ml_usecase=regression, available_plots={'parameter': 'Hyperparameters', 'residuals': 'Residuals', 'error': 'Prediction Error', 'cooks': 'Cooks Distance', 'rfe': 'Feature Selection', 'learning': 'Learning Curve', 'manifold': 'Manifold Learning', 'vc': 'Validation Curve', 'feature': 'Feature Importance', 'feature_all': 'Feature Importance (All)', 'tree': 'Decision Tree', 'residuals_interactive': 'Interactive Residuals'}, train_size=0.7, test_data=None, preprocess=True, imputation_type=simple, iterative_imputation_iters=5, categorical_features=None, categorical_imputation=constant, categorical_iterative_imputer=lightgbm, ordinal_features=None, high_cardinality_features=None, high_cardinality_method=frequency, numeric_features=None, numeric_imputation=mean, numeric_iterative_imputer=lightgbm, date_features=None, ignore_features=None, normalize=False, normalize_method=zscore, transformation=False, transformation_method=yeo-johnson, handle_unknown_categorical=True, unknown_categorical_method=least_frequent, pca=False, pca_method=linear, pca_components=None, ignore_low_variance=False, combine_rare_levels=False, rare_level_threshold=0.1, bin_numeric_features=None, remove_outliers=False, outliers_threshold=0.05, remove_multicollinearity=False, multicollinearity_threshold=0.9, remove_perfect_collinearity=True, create_clusters=False, cluster_iter=20, polynomial_features=False, polynomial_degree=2, trigonometry_features=False, polynomial_threshold=0.1, group_features=None, group_names=None, feature_selection=False, feature_selection_threshold=0.8, feature_selection_method=classic, feature_interaction=False, feature_ratio=False, interaction_threshold=0.01, fix_imbalance=False, fix_imbalance_method=None, transform_target=False, transform_target_method=box-cox, data_split_shuffle=True, data_split_stratify=False, fold_strategy=kfold, fold=10, fold_shuffle=False, fold_groups=None, n_jobs=-1, use_gpu=False, custom_pipeline=None, html=True, session_id=None, log_experiment=False, experiment_name=None, experiment_custom_tags=None, log_plots=False, log_profile=False, log_data=False, silent=False, verbose=True, profile=False, profile_kwargs=None, display=None)
2022-07-28 16:45:49,815:INFO:Checking environment
2022-07-28 16:45:49,815:INFO:python_version: 3.7.12
2022-07-28 16:45:49,815:INFO:python_build: ('default', 'Oct 26 2021 05:57:50')
2022-07-28 16:45:49,815:INFO:machine: x86_64
2022-07-28 16:45:49,815:INFO:platform: Darwin-21.4.0-x86_64-i386-64bit
2022-07-28 16:45:49,816:WARNING:cannot find psutil installation. memory not traceable. Install psutil using pip to enable memory logging.
2022-07-28 16:45:49,816:INFO:Checking libraries
2022-07-28 16:45:49,816:INFO:pd==1.3.5
2022-07-28 16:45:49,816:INFO:numpy==1.19.5
2022-07-28 16:45:49,816:INFO:sklearn==0.23.2
2022-07-28 16:45:49,816:INFO:lightgbm==3.3.2
2022-07-28 16:45:49,816:WARNING:catboost not found
2022-07-28 16:45:49,934:INFO:xgboost==1.5.1
2022-07-28 16:45:49,934:INFO:mlflow==1.25.0
2022-07-28 16:45:49,934:INFO:Checking Exceptions
2022-07-28 16:45:49,934:INFO:Declaring global variables
2022-07-28 16:45:49,934:INFO:USI: 0ab7
2022-07-28 16:45:49,934:INFO:pycaret_globals: {'_ml_usecase', '_all_models', 'iterative_imputation_iters_param', 'master_model_container', 'transform_target_param', 'X_train', 'dashboard_logger', 'prep_pipe', 'X_test', 'data_before_preprocess', 'fold_shuffle_param', 'transform_target_method_param', 'imputation_regressor', 'html_param', 'fold_groups_param', 'display_container', 'seed', 'experiment__', 'fold_generator', 'y', 'y_test', 'log_plots_param', '_all_models_internal', 'create_model_container', 'fix_imbalance_param', 'X', 'exp_name_log', '_internal_pipeline', 'y_train', '_available_plots', '_gpu_n_jobs_param', 'pycaret_globals', 'stratify_param', 'target_param', 'fold_param', 'n_jobs_param', 'fold_groups_param_full', 'logging_param', '_all_metrics', 'imputation_classifier', 'fix_imbalance_method_param', 'USI', 'gpu_param'}
2022-07-28 16:45:49,935:INFO:Preparing display monitor
2022-07-28 16:45:49,935:INFO:Preparing display monitor
2022-07-28 16:45:49,948:INFO:Importing libraries
2022-07-28 16:45:49,948:INFO:Copying data for preprocessing
2022-07-28 16:45:49,976:INFO:Declaring preprocessing parameters
2022-07-28 16:45:50,051:INFO:Creating preprocessing pipeline
2022-07-28 16:45:51,744:INFO:Preprocessing pipeline created successfully
2022-07-28 16:45:51,744:ERROR:(Process Exit): setup has been interupted with user command 'quit'. setup must rerun.
2022-07-28 16:45:51,744:INFO:Creating global containers
2022-07-28 16:45:51,746:INFO:Internal pipeline: Pipeline(memory=None, steps=[('empty_step', 'passthrough')], verbose=False)
2022-07-28 16:46:08,530:INFO:PyCaret Supervised Module
2022-07-28 16:46:08,530:INFO:ML Usecase: regression
2022-07-28 16:46:08,530:INFO:version 2.3.10
2022-07-28 16:46:08,530:INFO:Initializing setup()
2022-07-28 16:46:08,530:INFO:setup(target=KWH, ml_usecase=regression, available_plots={'parameter': 'Hyperparameters', 'residuals': 'Residuals', 'error': 'Prediction Error', 'cooks': 'Cooks Distance', 'rfe': 'Feature Selection', 'learning': 'Learning Curve', 'manifold': 'Manifold Learning', 'vc': 'Validation Curve', 'feature': 'Feature Importance', 'feature_all': 'Feature Importance (All)', 'tree': 'Decision Tree', 'residuals_interactive': 'Interactive Residuals'}, train_size=0.7, test_data=None, preprocess=True, imputation_type=simple, iterative_imputation_iters=5, categorical_features=None, categorical_imputation=constant, categorical_iterative_imputer=lightgbm, ordinal_features=None, high_cardinality_features=None, high_cardinality_method=frequency, numeric_features=None, numeric_imputation=mean, numeric_iterative_imputer=lightgbm, date_features=None, ignore_features=None, normalize=False, normalize_method=zscore, transformation=False, transformation_method=yeo-johnson, handle_unknown_categorical=True, unknown_categorical_method=least_frequent, pca=False, pca_method=linear, pca_components=None, ignore_low_variance=False, combine_rare_levels=False, rare_level_threshold=0.1, bin_numeric_features=None, remove_outliers=False, outliers_threshold=0.05, remove_multicollinearity=False, multicollinearity_threshold=0.9, remove_perfect_collinearity=True, create_clusters=False, cluster_iter=20, polynomial_features=False, polynomial_degree=2, trigonometry_features=False, polynomial_threshold=0.1, group_features=None, group_names=None, feature_selection=False, feature_selection_threshold=0.8, feature_selection_method=classic, feature_interaction=False, feature_ratio=False, interaction_threshold=0.01, fix_imbalance=False, fix_imbalance_method=None, transform_target=False, transform_target_method=box-cox, data_split_shuffle=True, data_split_stratify=False, fold_strategy=kfold, fold=10, fold_shuffle=False, fold_groups=None, n_jobs=-1, use_gpu=False, custom_pipeline=None, html=True, session_id=None, log_experiment=False, experiment_name=None, experiment_custom_tags=None, log_plots=False, log_profile=False, log_data=False, silent=False, verbose=True, profile=False, profile_kwargs=None, display=None)
2022-07-28 16:46:08,530:INFO:Checking environment
2022-07-28 16:46:08,530:INFO:python_version: 3.7.12
2022-07-28 16:46:08,531:INFO:python_build: ('default', 'Oct 26 2021 05:57:50')
2022-07-28 16:46:08,531:INFO:machine: x86_64
2022-07-28 16:46:08,531:INFO:platform: Darwin-21.4.0-x86_64-i386-64bit
2022-07-28 16:46:08,532:WARNING:cannot find psutil installation. memory not traceable. Install psutil using pip to enable memory logging.
2022-07-28 16:46:08,532:INFO:Checking libraries
2022-07-28 16:46:08,532:INFO:pd==1.3.5
2022-07-28 16:46:08,532:INFO:numpy==1.19.5
2022-07-28 16:46:08,532:INFO:sklearn==0.23.2
2022-07-28 16:46:08,532:INFO:lightgbm==3.3.2
2022-07-28 16:46:08,532:WARNING:catboost not found
2022-07-28 16:46:08,532:INFO:xgboost==1.5.1
2022-07-28 16:46:08,532:INFO:mlflow==1.25.0
2022-07-28 16:46:08,533:INFO:Checking Exceptions
2022-07-28 16:46:08,533:INFO:Declaring global variables
2022-07-28 16:46:08,533:INFO:USI: c060
2022-07-28 16:46:08,533:INFO:pycaret_globals: {'_ml_usecase', '_all_models', 'iterative_imputation_iters_param', 'master_model_container', 'transform_target_param', 'X_train', 'dashboard_logger', 'prep_pipe', 'X_test', 'data_before_preprocess', 'fold_shuffle_param', 'transform_target_method_param', 'imputation_regressor', 'html_param', 'fold_groups_param', 'display_container', 'seed', 'experiment__', 'fold_generator', 'y', 'y_test', 'log_plots_param', '_all_models_internal', 'create_model_container', 'fix_imbalance_param', 'X', 'exp_name_log', '_internal_pipeline', 'y_train', '_available_plots', '_gpu_n_jobs_param', 'pycaret_globals', 'stratify_param', 'target_param', 'fold_param', 'n_jobs_param', 'fold_groups_param_full', 'logging_param', '_all_metrics', 'imputation_classifier', 'fix_imbalance_method_param', 'USI', 'gpu_param'}
2022-07-28 16:46:08,533:INFO:Preparing display monitor
2022-07-28 16:46:08,533:INFO:Preparing display monitor
2022-07-28 16:46:08,547:INFO:Importing libraries
2022-07-28 16:46:08,547:INFO:Copying data for preprocessing
2022-07-28 16:46:08,685:INFO:Declaring preprocessing parameters
2022-07-28 16:46:08,814:INFO:Creating preprocessing pipeline
2022-07-28 16:46:10,090:INFO:Preprocessing pipeline created successfully
2022-07-28 16:46:10,091:ERROR:(Process Exit): setup has been interupted with user command 'quit'. setup must rerun.
2022-07-28 16:46:10,091:INFO:Creating global containers
2022-07-28 16:46:10,091:INFO:Internal pipeline: Pipeline(memory=None, steps=[('empty_step', 'passthrough')], verbose=False)
2022-07-28 16:48:03,980:WARNING:Couldn't import catboost.CatBoostRegressor
2022-07-28 16:48:04,081:WARNING:Couldn't import catboost.CatBoostRegressor
2022-07-28 16:48:04,081:INFO:Creating grid variables
2022-07-28 16:48:04,108:INFO:create_model_container: 0
2022-07-28 16:48:04,108:INFO:master_model_container: 0
2022-07-28 16:48:04,109:INFO:display_container: 1
2022-07-28 16:48:04,113:INFO:Pipeline(memory=None,
         steps=[('dtypes',
                 DataTypes_Auto_infer(categorical_features=[],
                                      display_types=True, features_todrop=[],
                                      id_columns=[], ml_usecase='regression',
                                      numerical_features=[], target='KWH',
                                      time_features=[])),
                ('imputer',
                 Simple_Imputer(categorical_strategy='not_available',
                                fill_value_categorical=None,
                                fill_value_numerical=None,
                                numeric_strategy='me...
                ('scaling', 'passthrough'), ('P_transform', 'passthrough'),
                ('binn', 'passthrough'), ('rem_outliers', 'passthrough'),
                ('cluster_all', 'passthrough'),
                ('dummy', Dummify(target='KWH')),
                ('fix_perfect', Remove_100(target='KWH')),
                ('clean_names', Clean_Colum_Names()),
                ('feature_select', 'passthrough'), ('fix_multi', 'passthrough'),
                ('dfs', 'passthrough'), ('pca', 'passthrough')],
         verbose=False)
2022-07-28 16:48:04,113:INFO:setup() succesfully completed......................................
2022-07-28 16:48:42,027:INFO:Initializing compare_models()
2022-07-28 16:48:42,027:INFO:compare_models(include=None, fold=None, round=4, cross_validation=True, sort=R2, n_select=1, budget_time=None, turbo=True, errors=ignore, fit_kwargs=None, groups=None, experiment_custom_tags=None, probability_threshold=None, verbose=True, display=None, exclude=None)
2022-07-28 16:48:42,027:INFO:Checking exceptions
2022-07-28 16:48:42,027:INFO:Preparing display monitor
2022-07-28 16:48:42,028:INFO:Preparing display monitor
2022-07-28 16:48:42,056:INFO:Initializing Linear Regression
2022-07-28 16:48:42,056:INFO:Total runtime is 2.4199485778808595e-06 minutes
2022-07-28 16:48:42,065:INFO:SubProcess create_model() called ==================================
2022-07-28 16:48:42,065:INFO:Initializing create_model()
2022-07-28 16:48:42,066:INFO:create_model(estimator=lr, fold=KFold(n_splits=10, random_state=None, shuffle=False), round=4, cross_validation=True, predict=True, fit_kwargs={}, groups=None, refit=False, verbose=False, system=False, metrics=None, experiment_custom_tags=None, add_to_model_list=True, probability_threshold=None, display=<pycaret.internal.Display.Display object at 0x7fac86d57250>, return_train_score=False, kwargs={})
2022-07-28 16:48:42,066:INFO:Checking exceptions
2022-07-28 16:48:42,066:INFO:Importing libraries
2022-07-28 16:48:42,066:INFO:Copying training dataset
2022-07-28 16:48:42,080:INFO:Defining folds
2022-07-28 16:48:42,080:INFO:Declaring metric variables
2022-07-28 16:48:42,092:INFO:Importing untrained model
2022-07-28 16:48:42,101:INFO:Linear Regression Imported succesfully
2022-07-28 16:48:42,119:INFO:Starting cross validation
2022-07-28 16:48:42,127:INFO:Cross validating with KFold(n_splits=10, random_state=None, shuffle=False), n_jobs=-1
2022-07-28 16:49:13,263:INFO:Calculating mean and std
2022-07-28 16:49:13,267:INFO:Creating metrics dataframe
2022-07-28 16:49:13,279:INFO:Uploading results into container
2022-07-28 16:49:13,279:INFO:Uploading model into container now
2022-07-28 16:49:13,280:INFO:create_model_container: 1
2022-07-28 16:49:13,280:INFO:master_model_container: 1
2022-07-28 16:49:13,280:INFO:display_container: 2
2022-07-28 16:49:13,281:INFO:LinearRegression(copy_X=True, fit_intercept=True, n_jobs=-1, normalize=False)
2022-07-28 16:49:13,281:INFO:create_model() succesfully completed......................................
2022-07-28 16:49:13,416:INFO:SubProcess create_model() end ==================================
2022-07-28 16:49:13,416:INFO:Creating metrics dataframe
2022-07-28 16:49:13,434:INFO:Initializing Lasso Regression
2022-07-28 16:49:13,434:INFO:Total runtime is 0.5229620337486267 minutes
2022-07-28 16:49:13,445:INFO:SubProcess create_model() called ==================================
2022-07-28 16:49:13,445:INFO:Initializing create_model()
2022-07-28 16:49:13,445:INFO:create_model(estimator=lasso, fold=KFold(n_splits=10, random_state=None, shuffle=False), round=4, cross_validation=True, predict=True, fit_kwargs={}, groups=None, refit=False, verbose=False, system=False, metrics=None, experiment_custom_tags=None, add_to_model_list=True, probability_threshold=None, display=<pycaret.internal.Display.Display object at 0x7fac86d57250>, return_train_score=False, kwargs={})
2022-07-28 16:49:13,445:INFO:Checking exceptions
2022-07-28 16:49:13,446:INFO:Importing libraries
2022-07-28 16:49:13,446:INFO:Copying training dataset
2022-07-28 16:49:13,487:INFO:Defining folds
2022-07-28 16:49:13,487:INFO:Declaring metric variables
2022-07-28 16:49:13,498:INFO:Importing untrained model
2022-07-28 16:49:13,508:INFO:Lasso Regression Imported succesfully
2022-07-28 16:49:13,527:INFO:Starting cross validation
2022-07-28 16:49:13,528:INFO:Cross validating with KFold(n_splits=10, random_state=None, shuffle=False), n_jobs=-1
2022-07-28 16:49:36,978:INFO:Calculating mean and std
2022-07-28 16:49:36,981:INFO:Creating metrics dataframe
2022-07-28 16:49:36,987:INFO:Uploading results into container
2022-07-28 16:49:36,987:INFO:Uploading model into container now
2022-07-28 16:49:36,987:INFO:create_model_container: 2
2022-07-28 16:49:36,987:INFO:master_model_container: 2
2022-07-28 16:49:36,988:INFO:display_container: 2
2022-07-28 16:49:36,988:INFO:Lasso(alpha=1.0, copy_X=True, fit_intercept=True, max_iter=1000,
      normalize=False, positive=False, precompute=False, random_state=4596,
      selection='cyclic', tol=0.0001, warm_start=False)
2022-07-28 16:49:36,988:INFO:create_model() succesfully completed......................................
2022-07-28 16:49:37,071:INFO:SubProcess create_model() end ==================================
2022-07-28 16:49:37,071:INFO:Creating metrics dataframe
2022-07-28 16:49:37,091:INFO:Initializing Ridge Regression
2022-07-28 16:49:37,091:INFO:Total runtime is 0.9172527631123861 minutes
2022-07-28 16:49:37,100:INFO:SubProcess create_model() called ==================================
2022-07-28 16:49:37,101:INFO:Initializing create_model()
2022-07-28 16:49:37,101:INFO:create_model(estimator=ridge, fold=KFold(n_splits=10, random_state=None, shuffle=False), round=4, cross_validation=True, predict=True, fit_kwargs={}, groups=None, refit=False, verbose=False, system=False, metrics=None, experiment_custom_tags=None, add_to_model_list=True, probability_threshold=None, display=<pycaret.internal.Display.Display object at 0x7fac86d57250>, return_train_score=False, kwargs={})
2022-07-28 16:49:37,101:INFO:Checking exceptions
2022-07-28 16:49:37,101:INFO:Importing libraries
2022-07-28 16:49:37,101:INFO:Copying training dataset
2022-07-28 16:49:37,114:INFO:Defining folds
2022-07-28 16:49:37,115:INFO:Declaring metric variables
2022-07-28 16:49:37,128:INFO:Importing untrained model
2022-07-28 16:49:37,138:INFO:Ridge Regression Imported succesfully
2022-07-28 16:49:37,162:INFO:Starting cross validation
2022-07-28 16:49:37,163:INFO:Cross validating with KFold(n_splits=10, random_state=None, shuffle=False), n_jobs=-1
2022-07-28 16:50:09,207:INFO:Calculating mean and std
2022-07-28 16:50:09,209:INFO:Creating metrics dataframe
2022-07-28 16:50:09,214:INFO:Uploading results into container
2022-07-28 16:50:09,214:INFO:Uploading model into container now
2022-07-28 16:50:09,214:INFO:create_model_container: 3
2022-07-28 16:50:09,214:INFO:master_model_container: 3
2022-07-28 16:50:09,215:INFO:display_container: 2
2022-07-28 16:50:09,215:INFO:Ridge(alpha=1.0, copy_X=True, fit_intercept=True, max_iter=None,
      normalize=False, random_state=4596, solver='auto', tol=0.001)
2022-07-28 16:50:09,215:INFO:create_model() succesfully completed......................................
2022-07-28 16:50:09,314:INFO:SubProcess create_model() end ==================================
2022-07-28 16:50:09,314:INFO:Creating metrics dataframe
2022-07-28 16:50:09,344:INFO:Initializing Elastic Net
2022-07-28 16:50:09,344:INFO:Total runtime is 1.4548004508018493 minutes
2022-07-28 16:50:09,362:INFO:SubProcess create_model() called ==================================
2022-07-28 16:50:09,363:INFO:Initializing create_model()
2022-07-28 16:50:09,363:INFO:create_model(estimator=en, fold=KFold(n_splits=10, random_state=None, shuffle=False), round=4, cross_validation=True, predict=True, fit_kwargs={}, groups=None, refit=False, verbose=False, system=False, metrics=None, experiment_custom_tags=None, add_to_model_list=True, probability_threshold=None, display=<pycaret.internal.Display.Display object at 0x7fac86d57250>, return_train_score=False, kwargs={})
2022-07-28 16:50:09,363:INFO:Checking exceptions
2022-07-28 16:50:09,363:INFO:Importing libraries
2022-07-28 16:50:09,363:INFO:Copying training dataset
2022-07-28 16:50:09,380:INFO:Defining folds
2022-07-28 16:50:09,380:INFO:Declaring metric variables
2022-07-28 16:50:09,410:INFO:Importing untrained model
2022-07-28 16:50:09,425:INFO:Elastic Net Imported succesfully
2022-07-28 16:50:09,453:INFO:Starting cross validation
2022-07-28 16:50:09,454:INFO:Cross validating with KFold(n_splits=10, random_state=None, shuffle=False), n_jobs=-1
2022-07-28 16:50:26,386:INFO:Calculating mean and std
2022-07-28 16:50:26,390:INFO:Creating metrics dataframe
2022-07-28 16:50:26,397:INFO:Uploading results into container
2022-07-28 16:50:26,398:INFO:Uploading model into container now
2022-07-28 16:50:26,398:INFO:create_model_container: 4
2022-07-28 16:50:26,398:INFO:master_model_container: 4
2022-07-28 16:50:26,398:INFO:display_container: 2
2022-07-28 16:50:26,398:INFO:ElasticNet(alpha=1.0, copy_X=True, fit_intercept=True, l1_ratio=0.5,
           max_iter=1000, normalize=False, positive=False, precompute=False,
           random_state=4596, selection='cyclic', tol=0.0001, warm_start=False)
2022-07-28 16:50:26,398:INFO:create_model() succesfully completed......................................
2022-07-28 16:50:26,534:INFO:SubProcess create_model() end ==================================
2022-07-28 16:50:26,535:INFO:Creating metrics dataframe
2022-07-28 16:50:26,618:INFO:Initializing Least Angle Regression
2022-07-28 16:50:26,618:INFO:Total runtime is 1.7427000641822814 minutes
2022-07-28 16:50:26,628:INFO:SubProcess create_model() called ==================================
2022-07-28 16:50:26,629:INFO:Initializing create_model()
2022-07-28 16:50:26,629:INFO:create_model(estimator=lar, fold=KFold(n_splits=10, random_state=None, shuffle=False), round=4, cross_validation=True, predict=True, fit_kwargs={}, groups=None, refit=False, verbose=False, system=False, metrics=None, experiment_custom_tags=None, add_to_model_list=True, probability_threshold=None, display=<pycaret.internal.Display.Display object at 0x7fac86d57250>, return_train_score=False, kwargs={})
2022-07-28 16:50:26,629:INFO:Checking exceptions
2022-07-28 16:50:26,629:INFO:Importing libraries
2022-07-28 16:50:26,629:INFO:Copying training dataset
2022-07-28 16:50:26,643:INFO:Defining folds
2022-07-28 16:50:26,643:INFO:Declaring metric variables
2022-07-28 16:50:26,657:INFO:Importing untrained model
2022-07-28 16:50:26,671:INFO:Least Angle Regression Imported succesfully
2022-07-28 16:50:26,694:INFO:Starting cross validation
2022-07-28 16:50:26,695:INFO:Cross validating with KFold(n_splits=10, random_state=None, shuffle=False), n_jobs=-1
2022-07-28 16:50:31,390:INFO:Calculating mean and std
2022-07-28 16:50:31,392:INFO:Creating metrics dataframe
2022-07-28 16:50:31,397:INFO:Uploading results into container
2022-07-28 16:50:31,397:INFO:Uploading model into container now
2022-07-28 16:50:31,397:INFO:create_model_container: 5
2022-07-28 16:50:31,397:INFO:master_model_container: 5
2022-07-28 16:50:31,397:INFO:display_container: 2
2022-07-28 16:50:31,398:INFO:Lars(copy_X=True, eps=2.220446049250313e-16, fit_intercept=True, fit_path=True,
     jitter=None, n_nonzero_coefs=500, normalize=True, precompute='auto',
     random_state=4596, verbose=False)
2022-07-28 16:50:31,398:INFO:create_model() succesfully completed......................................
2022-07-28 16:50:31,485:INFO:SubProcess create_model() end ==================================
2022-07-28 16:50:31,486:INFO:Creating metrics dataframe
2022-07-28 16:50:31,505:INFO:Initializing Lasso Least Angle Regression
2022-07-28 16:50:31,505:INFO:Total runtime is 1.8241480827331542 minutes
2022-07-28 16:50:31,515:INFO:SubProcess create_model() called ==================================
2022-07-28 16:50:31,515:INFO:Initializing create_model()
2022-07-28 16:50:31,515:INFO:create_model(estimator=llar, fold=KFold(n_splits=10, random_state=None, shuffle=False), round=4, cross_validation=True, predict=True, fit_kwargs={}, groups=None, refit=False, verbose=False, system=False, metrics=None, experiment_custom_tags=None, add_to_model_list=True, probability_threshold=None, display=<pycaret.internal.Display.Display object at 0x7fac86d57250>, return_train_score=False, kwargs={})
2022-07-28 16:50:31,515:INFO:Checking exceptions
2022-07-28 16:50:31,515:INFO:Importing libraries
2022-07-28 16:50:31,516:INFO:Copying training dataset
2022-07-28 16:50:31,529:INFO:Defining folds
2022-07-28 16:50:31,539:INFO:Declaring metric variables
2022-07-28 16:50:31,547:INFO:Importing untrained model
2022-07-28 16:50:31,556:INFO:Lasso Least Angle Regression Imported succesfully
2022-07-28 16:50:31,573:INFO:Starting cross validation
2022-07-28 16:50:31,574:INFO:Cross validating with KFold(n_splits=10, random_state=None, shuffle=False), n_jobs=-1
2022-07-28 16:50:33,509:INFO:Calculating mean and std
2022-07-28 16:50:33,511:INFO:Creating metrics dataframe
2022-07-28 16:50:33,518:INFO:Uploading results into container
2022-07-28 16:50:33,518:INFO:Uploading model into container now
2022-07-28 16:50:33,518:INFO:create_model_container: 6
2022-07-28 16:50:33,519:INFO:master_model_container: 6
2022-07-28 16:50:33,519:INFO:display_container: 2
2022-07-28 16:50:33,520:INFO:LassoLars(alpha=1.0, copy_X=True, eps=2.220446049250313e-16, fit_intercept=True,
          fit_path=True, jitter=None, max_iter=500, normalize=True,
          positive=False, precompute='auto', random_state=4596, verbose=False)
2022-07-28 16:50:33,520:INFO:create_model() succesfully completed......................................
2022-07-28 16:50:33,614:INFO:SubProcess create_model() end ==================================
2022-07-28 16:50:33,615:INFO:Creating metrics dataframe
2022-07-28 16:50:33,634:INFO:Initializing Orthogonal Matching Pursuit
2022-07-28 16:50:33,634:INFO:Total runtime is 1.8596263170242309 minutes
2022-07-28 16:50:33,643:INFO:SubProcess create_model() called ==================================
2022-07-28 16:50:33,643:INFO:Initializing create_model()
2022-07-28 16:50:33,644:INFO:create_model(estimator=omp, fold=KFold(n_splits=10, random_state=None, shuffle=False), round=4, cross_validation=True, predict=True, fit_kwargs={}, groups=None, refit=False, verbose=False, system=False, metrics=None, experiment_custom_tags=None, add_to_model_list=True, probability_threshold=None, display=<pycaret.internal.Display.Display object at 0x7fac86d57250>, return_train_score=False, kwargs={})
2022-07-28 16:50:33,644:INFO:Checking exceptions
2022-07-28 16:50:33,644:INFO:Importing libraries
2022-07-28 16:50:33,644:INFO:Copying training dataset
2022-07-28 16:50:33,657:INFO:Defining folds
2022-07-28 16:50:33,657:INFO:Declaring metric variables
2022-07-28 16:50:33,665:INFO:Importing untrained model
2022-07-28 16:50:33,673:INFO:Orthogonal Matching Pursuit Imported succesfully
2022-07-28 16:50:33,691:INFO:Starting cross validation
2022-07-28 16:50:33,692:INFO:Cross validating with KFold(n_splits=10, random_state=None, shuffle=False), n_jobs=-1
2022-07-28 16:50:35,702:INFO:Calculating mean and std
2022-07-28 16:50:35,703:INFO:Creating metrics dataframe
2022-07-28 16:50:35,709:INFO:Uploading results into container
2022-07-28 16:50:35,710:INFO:Uploading model into container now
2022-07-28 16:50:35,710:INFO:create_model_container: 7
2022-07-28 16:50:35,710:INFO:master_model_container: 7
2022-07-28 16:50:35,710:INFO:display_container: 2
2022-07-28 16:50:35,710:INFO:OrthogonalMatchingPursuit(fit_intercept=True, n_nonzero_coefs=None,
                          normalize=True, precompute='auto', tol=None)
2022-07-28 16:50:35,710:INFO:create_model() succesfully completed......................................
2022-07-28 16:50:35,803:INFO:SubProcess create_model() end ==================================
2022-07-28 16:50:35,803:INFO:Creating metrics dataframe
2022-07-28 16:50:35,825:INFO:Initializing Bayesian Ridge
2022-07-28 16:50:35,825:INFO:Total runtime is 1.8961405158042908 minutes
2022-07-28 16:50:35,834:INFO:SubProcess create_model() called ==================================
2022-07-28 16:50:35,834:INFO:Initializing create_model()
2022-07-28 16:50:35,834:INFO:create_model(estimator=br, fold=KFold(n_splits=10, random_state=None, shuffle=False), round=4, cross_validation=True, predict=True, fit_kwargs={}, groups=None, refit=False, verbose=False, system=False, metrics=None, experiment_custom_tags=None, add_to_model_list=True, probability_threshold=None, display=<pycaret.internal.Display.Display object at 0x7fac86d57250>, return_train_score=False, kwargs={})
2022-07-28 16:50:35,835:INFO:Checking exceptions
2022-07-28 16:50:35,835:INFO:Importing libraries
2022-07-28 16:50:35,835:INFO:Copying training dataset
2022-07-28 16:50:35,849:INFO:Defining folds
2022-07-28 16:50:35,849:INFO:Declaring metric variables
2022-07-28 16:50:35,862:INFO:Importing untrained model
2022-07-28 16:50:35,870:INFO:Bayesian Ridge Imported succesfully
2022-07-28 16:50:35,890:INFO:Starting cross validation
2022-07-28 16:50:35,891:INFO:Cross validating with KFold(n_splits=10, random_state=None, shuffle=False), n_jobs=-1
2022-07-28 16:55:06,596:WARNING:create_model() for br raised an exception or returned all 0.0, trying without fit_kwargs:
2022-07-28 16:55:06,611:WARNING:Traceback (most recent call last):
  File "/Users/josephluiz/miniconda3/envs/THIRD_LOVE/lib/python3.7/site-packages/pycaret/internal/tabular.py", line 2203, in compare_models
    model, model_fit_time = create_model_supervised(**create_model_args)
  File "/Users/josephluiz/miniconda3/envs/THIRD_LOVE/lib/python3.7/site-packages/pycaret/internal/tabular.py", line 3210, in create_model_supervised
    error_score=0,
  File "/Users/josephluiz/miniconda3/envs/THIRD_LOVE/lib/python3.7/site-packages/sklearn/utils/validation.py", line 72, in inner_f
    return f(**kwargs)
  File "/Users/josephluiz/miniconda3/envs/THIRD_LOVE/lib/python3.7/site-packages/sklearn/model_selection/_validation.py", line 248, in cross_validate
    for train, test in cv.split(X, y, groups))
  File "/Users/josephluiz/miniconda3/envs/THIRD_LOVE/lib/python3.7/site-packages/joblib/parallel.py", line 1054, in __call__
    self.retrieve()
  File "/Users/josephluiz/miniconda3/envs/THIRD_LOVE/lib/python3.7/site-packages/joblib/parallel.py", line 933, in retrieve
    self._output.extend(job.get(timeout=self.timeout))
  File "/Users/josephluiz/miniconda3/envs/THIRD_LOVE/lib/python3.7/site-packages/joblib/_parallel_backends.py", line 542, in wrap_future_result
    return future.result(timeout=timeout)
  File "/Users/josephluiz/miniconda3/envs/THIRD_LOVE/lib/python3.7/concurrent/futures/_base.py", line 430, in result
    self._condition.wait(timeout)
  File "/Users/josephluiz/miniconda3/envs/THIRD_LOVE/lib/python3.7/threading.py", line 296, in wait
    waiter.acquire()
KeyboardInterrupt

2022-07-28 16:55:06,612:INFO:Initializing create_model()
2022-07-28 16:55:06,612:INFO:create_model(estimator=br, fold=KFold(n_splits=10, random_state=None, shuffle=False), round=4, cross_validation=True, predict=True, fit_kwargs={}, groups=None, refit=False, verbose=False, system=False, metrics=None, experiment_custom_tags=None, add_to_model_list=True, probability_threshold=None, display=<pycaret.internal.Display.Display object at 0x7fac86d57250>, return_train_score=False, kwargs={})
2022-07-28 16:55:06,613:INFO:Checking exceptions
2022-07-28 16:55:06,613:INFO:Importing libraries
2022-07-28 16:55:06,613:INFO:Copying training dataset
2022-07-28 16:55:06,656:INFO:Defining folds
2022-07-28 16:55:06,657:INFO:Declaring metric variables
2022-07-28 16:55:06,667:INFO:Importing untrained model
2022-07-28 16:55:06,677:INFO:Bayesian Ridge Imported succesfully
2022-07-28 16:55:06,699:INFO:Starting cross validation
2022-07-28 16:55:06,699:INFO:Cross validating with KFold(n_splits=10, random_state=None, shuffle=False), n_jobs=-1
